
Showing logs for build [32mcb-kubecd-environment-pr-233-4-dm7lp-1[0m stage [32mfrom-build-pack[0m and container [32mstep-credential-initializer-5vfv6[0m
{"level":"info","ts":1590489897.2986546,"logger":"fallback-logger","caller":"logging/config.go:69","msg":"Fetch GitHub commit ID from kodata failed: open /var/run/ko/refs/heads/0.8.0-ns-support: no such file or directory"}
{"level":"info","ts":1590489897.2993603,"logger":"fallback-logger","caller":"creds-init/main.go:40","msg":"Credentials initialized."}

Showing logs for build [32mcb-kubecd-environment-pr-233-4-dm7lp-1[0m stage [32mfrom-build-pack[0m and container [32mstep-working-dir-initializer-rxrvx[0m
{"level":"info","ts":1590489898.2675261,"logger":"fallback-logger","caller":"logging/config.go:69","msg":"Fetch GitHub commit ID from kodata failed: open /var/run/ko/HEAD: no such file or directory"}
{"level":"info","ts":1590489898.2690868,"logger":"fallback-logger","caller":"bash/main.go:64","msg":"Successfully executed command \"sh -c mkdir -p /workspace/source\"; output "}

Showing logs for build [32mcb-kubecd-environment-pr-233-4-dm7lp-1[0m stage [32mfrom-build-pack[0m and container [32mstep-place-tools[0m

Showing logs for build [32mcb-kubecd-environment-pr-233-4-dm7lp-1[0m stage [32mfrom-build-pack[0m and container [32mstep-git-source-cb-kubecd-environment-pr-233-4-dm7lp-jqs4d[0m
{"level":"info","ts":1590489902.3219266,"logger":"fallback-logger","caller":"logging/config.go:69","msg":"Fetch GitHub commit ID from kodata failed: open /var/run/ko/refs/heads/0.8.0-ns-support: no such file or directory"}
{"level":"info","ts":1590489903.5083735,"logger":"fallback-logger","caller":"git/git.go:103","msg":"Successfully cloned https://github.com/cb-kubecd/environment-pr-233-4-gke-upgrade-production.git @ master in path /workspace/source"}

Showing logs for build [32mcb-kubecd-environment-pr-233-4-dm7lp-1[0m stage [32mfrom-build-pack[0m and container [32mstep-git-merge[0m
Using SHAs from PULL_REFS=master:1791e9f7a4a4e69cda85c2a1d47e639f3d5353af,1:f378f42d72c382aa960eea6f7b1a8a8fc96ba962
DEBUG: LC_ALL=C JX_LOG_LEVEL=error git fetch origin --unshallow f378f42d72c382aa960eea6f7b1a8a8fc96ba962: 1791e9f7a4a4e69cda85c2a1d47e639f3d5353af:
DEBUG: ran git fetch --unshallow origin f378f42d72c382aa960eea6f7b1a8a8fc96ba962: 1791e9f7a4a4e69cda85c2a1d47e639f3d5353af: in 
DEBUG: JX_LOG_LEVEL=error LC_ALL=C git branch
DEBUG: LC_ALL=C JX_LOG_LEVEL=error git checkout master
DEBUG: ran git checkout master in 
DEBUG: JX_LOG_LEVEL=error LC_ALL=C git reset --hard 1791e9f7a4a4e69cda85c2a1d47e639f3d5353af
DEBUG: ran git reset --hard 1791e9f7a4a4e69cda85c2a1d47e639f3d5353af in 
DEBUG: LC_ALL=C JX_LOG_LEVEL=error git clean -fd .
DEBUG: ran clean --force -d . in 
DEBUG: LC_ALL=C JX_LOG_LEVEL=error git merge f378f42d72c382aa960eea6f7b1a8a8fc96ba962
DEBUG: ran git merge f378f42d72c382aa960eea6f7b1a8a8fc96ba962 in 
DEBUG: LC_ALL=C JX_LOG_LEVEL=error git log --format=%H%x1f%an%x1f%ae%x1f%cn%x1f%ce%x1f%s%n%b%x1e 1791e9f7a4a4e69cda85c2a1d47e639f3d5353af..HEAD
Merged SHA f378f42d72c382aa960eea6f7b1a8a8fc96ba962 with commit message 'chore: Promote bdd-spring-1590488815 to version 0.0.1' into base branch master

Showing logs for build [32mcb-kubecd-environment-pr-233-4-dm7lp-1[0m stage [32mfrom-build-pack[0m and container [32mstep-build-helm-build[0m
WARNING: No $CHART_REPOSITORY defined so using the default value of: http://jenkins-x-chartmuseum:8080
Adding missing Helm repo: storage.googleapis.com https://storage.googleapis.com/chartmuseum.jenkins-x.io
WARNING: No secrets found on "helm/repos" due: reading the secret "helm/repos" from vault: no secret "helm/repos" not found in vault
Read credentials for https://storage.googleapis.com/chartmuseum.jenkins-x.io from vault helm/repos
Successfully added Helm repository storage.googleapis.com.
Adding missing Helm repo: jenkins-x-chartmuseum http://jenkins-x-chartmuseum:8080
WARNING: No secrets found on "helm/repos" due: reading the secret "helm/repos" from vault: no secret "helm/repos" not found in vault
Read credentials for http://jenkins-x-chartmuseum:8080 from vault helm/repos
Successfully added Helm repository jenkins-x-chartmuseum.
WARNING: No $CHART_REPOSITORY defined so using the default value of: http://jenkins-x-chartmuseum:8080
Adding missing Helm repo: chartmuseum.jenkins-x.io http://chartmuseum.jenkins-x.io
WARNING: No secrets found on "helm/repos" due: reading the secret "helm/repos" from vault: no secret "helm/repos" not found in vault
Read credentials for http://chartmuseum.jenkins-x.io from vault helm/repos
Successfully added Helm repository chartmuseum.jenkins-x.io.
